1682435609 INFO  : The log is info message
1682435609 ERROR  : The log is error message
1682435609 FATAL  : The log is fatal message
1682435609 CRIT  : The log is crit message
1682435697 INFO  : The log is info message
1682435697 ERROR  : The log is error message
1682435697 WARN  : The log is warn message
2023-04-25 23:17:12,238  [INFO] The log is info message
2023-04-25 23:17:12,238  [ERROR] The log is error message
2023-04-25 23:17:12,238  [WARN] The log is warn message
2023-04-25 23:28:26,849  [INFO] FILE: 3.cc FUNCTION: getFileName LINE: 135 The log is info message
2023-04-25 23:28:26,849  [ERROR] FILE: 3.cc FUNCTION: getFileName LINE: 135 The log is error message
2023-04-25 23:28:26,849  [WARN] FILE: 3.cc FUNCTION: getFileName LINE: 135 The log is warn message
2023-04-25 23:37:47,208  [INFO] FILE: 3.cc FUNCTION: test1 LINE: 122The log is info message
2023-04-25 23:37:47,209  [ERROR] FILE: 3.cc FUNCTION: test1 LINE: 123The log is error message
2023-04-25 23:37:47,209  [WARN] FILE: 3.cc FUNCTION: test1 LINE: 124The log is warn message
2023-04-25 23:38:50,607  [INFO] FILE: 3.cc FUNCTION: test1 LINE: 114The log is info message
2023-04-25 23:38:50,607  [ERROR] FILE: 3.cc FUNCTION: test1 LINE: 115The log is error message
2023-04-25 23:38:50,608  [WARN] FILE: 3.cc FUNCTION: test1 LINE: 116The log is warn message
2023-04-25 23:39:03,296  [INFO] FILE: 3.cc FUNCTION: test1 LINE: 114The log is info message
2023-04-25 23:39:03,296  [ERROR] FILE: 3.cc FUNCTION: test1 LINE: 115The log is error message
2023-04-25 23:39:03,296  [WARN] FILE: 3.cc FUNCTION: test1 LINE: 116The log is warn message
2023-04-25 23:39:03,297  [DEBUG] FILE: 3.cc FUNCTION: test1 LINE: 117The log is debug message
2023-04-26 11:13:16,556  [INFO] FILE: 3.cc FUNCTION: test1 LINE: 115The log is info message
2023-04-26 11:13:16,557  [ERROR] FILE: 3.cc FUNCTION: test1 LINE: 116The log is error message
2023-04-26 11:13:16,557  [WARN] FILE: 3.cc FUNCTION: test1 LINE: 117The log is warn message
2023-04-26 11:13:16,557  [DEBUG] FILE: 3.cc FUNCTION: test1 LINE: 118The log is debug message
